JDApp-Kotlin/list/build/intermediates/manifest_merge_blame_file/debug/manifest-merger-blame-debug-report.txt
1<?xml version="1.0" encoding="utf-8"?>
2<manifest xmlns:android="http://schemas.android.com/apk/res/android"
3    package="com.jd.list" >
4
5    <uses-sdk
6        android:minSdkVersion="18"
6-->src/main/AndroidManifest.xml
7        android:targetSdkVersion="28" />
7-->src/main/AndroidManifest.xml
8
9    <application
9-->src/main/AndroidManifest.xml:6:5-16:19
10        android:allowBackup="true"
10-->src/main/AndroidManifest.xml:7:9-35
11        android:supportsRtl="true" >
11-->src/main/AndroidManifest.xml:8:9-35
12        <activity android:name="com.jd.list.activity.ListActivity" />
12-->src/main/AndroidManifest.xml:10:9-59
12-->src/main/AndroidManifest.xml:10:19-56
13        <activity android:name="com.jd.list.activity.ListMainActivity" />
13-->src/main/AndroidManifest.xml:12:9-63
13-->src/main/AndroidManifest.xml:12:19-60
14        <activity android:name="com.jd.list.activity.DemoActivity" />
14-->src/main/AndroidManifest.xml:14:9-59
14-->src/main/AndroidManifest.xml:14:19-56
15    </application>
16
17</manifest>